Copyright 1986-2019 Xilinx, Inc. All Rights Reserved.
--------------------------------------------------------------------------------------------------------------------------------------------------------------------------------------------------
| Tool Version : Vivado v.2019.1 (win64) Build 2552052 Fri May 24 14:49:42 MDT 2019
| Date         : Mon Jun 27 08:49:09 2022
| Host         : LAPTOP-4TFRJI52 running 64-bit major release  (build 9200)
| Command      : report_methodology -file design_coder_wrapper_methodology_drc_routed.rpt -pb design_coder_wrapper_methodology_drc_routed.pb -rpx design_coder_wrapper_methodology_drc_routed.rpx
| Design       : design_coder_wrapper
| Device       : xc7z020clg484-1
| Speed File   : -1
| Design State : Fully Routed
--------------------------------------------------------------------------------------------------------------------------------------------------------------------------------------------------

Report Methodology

Table of Contents
-----------------
1. REPORT SUMMARY
2. REPORT DETAILS

1. REPORT SUMMARY
-----------------
            Netlist: netlist
          Floorplan: design_1
      Design limits: <entire design considered>
             Max violations: <unlimited>
             Violations found: 60
+-----------+----------+-----------------------+------------+
| Rule      | Severity | Description           | Violations |
+-----------+----------+-----------------------+------------+
| TIMING-16 | Warning  | Large setup violation | 60         |
+-----------+----------+-----------------------+------------+

2. REPORT DETAILS
-----------------
TIMING-16#1 Warning
Large setup violation  
There is a large setup violation of -1.485 ns between design_coder_i/hammingCoder_ip_0/inst/hammingCoder_ip_v1_0_S00_AXI_inst/hamming_rtl_inst/j_reg_rep[3]_rep__1/C (clocked by clk_fpga_0) and design_coder_i/hammingCoder_ip_0/inst/hammingCoder_ip_v1_0_S00_AXI_inst/hamming_rtl_inst/tmp_par_reg[11]/D (clocked by clk_fpga_0). Large setup violations at the end of those stages might be difficult to fix during the post-placement implementation flow and could be the result of non-optimal XDC constraints or non-optimal design architecture
Related violations: <none>

TIMING-16#2 Warning
Large setup violation  
There is a large setup violation of -12.086 ns between design_coder_i/hammingCoder_ip_0/inst/hammingCoder_ip_v1_0_S00_AXI_inst/hamming_rtl_inst/j_reg_rep[3]_rep__1/C (clocked by clk_fpga_0) and design_coder_i/hammingCoder_ip_0/inst/hammingCoder_ip_v1_0_S00_AXI_inst/hamming_rtl_inst/tmp_par_reg[6]/D (clocked by clk_fpga_0). Large setup violations at the end of those stages might be difficult to fix during the post-placement implementation flow and could be the result of non-optimal XDC constraints or non-optimal design architecture
Related violations: <none>

TIMING-16#3 Warning
Large setup violation  
There is a large setup violation of -14.171 ns between design_coder_i/hammingCoder_ip_0/inst/hammingCoder_ip_v1_0_S00_AXI_inst/hamming_rtl_inst/j_reg_rep[3]_rep__1/C (clocked by clk_fpga_0) and design_coder_i/hammingCoder_ip_0/inst/hammingCoder_ip_v1_0_S00_AXI_inst/hamming_rtl_inst/tmp_par_reg[5]/D (clocked by clk_fpga_0). Large setup violations at the end of those stages might be difficult to fix during the post-placement implementation flow and could be the result of non-optimal XDC constraints or non-optimal design architecture
Related violations: <none>

TIMING-16#4 Warning
Large setup violation  
There is a large setup violation of -16.271 ns between design_coder_i/hammingCoder_ip_0/inst/hammingCoder_ip_v1_0_S00_AXI_inst/hamming_rtl_inst/j_reg_rep[3]_rep__1/C (clocked by clk_fpga_0) and design_coder_i/hammingCoder_ip_0/inst/hammingCoder_ip_v1_0_S00_AXI_inst/hamming_rtl_inst/tmp_par_reg[4]/D (clocked by clk_fpga_0). Large setup violations at the end of those stages might be difficult to fix during the post-placement implementation flow and could be the result of non-optimal XDC constraints or non-optimal design architecture
Related violations: <none>

TIMING-16#5 Warning
Large setup violation  
There is a large setup violation of -19.336 ns between design_coder_i/hammingCoder_ip_0/inst/hammingCoder_ip_v1_0_S00_AXI_inst/hamming_rtl_inst/j_reg_rep[3]_rep__1/C (clocked by clk_fpga_0) and design_coder_i/hammingCoder_ip_0/inst/hammingCoder_ip_v1_0_S00_AXI_inst/hamming_rtl_inst/tmp_par_reg[3]/D (clocked by clk_fpga_0). Large setup violations at the end of those stages might be difficult to fix during the post-placement implementation flow and could be the result of non-optimal XDC constraints or non-optimal design architecture
Related violations: <none>

TIMING-16#6 Warning
Large setup violation  
There is a large setup violation of -20.386 ns between design_coder_i/hammingCoder_ip_0/inst/hammingCoder_ip_v1_0_S00_AXI_inst/hamming_rtl_inst/j_reg_rep[3]_rep__1/C (clocked by clk_fpga_0) and design_coder_i/hammingCoder_ip_0/inst/hammingCoder_ip_v1_0_S00_AXI_inst/hamming_rtl_inst/tmp_par_reg[2]/D (clocked by clk_fpga_0). Large setup violations at the end of those stages might be difficult to fix during the post-placement implementation flow and could be the result of non-optimal XDC constraints or non-optimal design architecture
Related violations: <none>

TIMING-16#7 Warning
Large setup violation  
There is a large setup violation of -23.095 ns between design_coder_i/hammingCoder_ip_0/inst/hammingCoder_ip_v1_0_S00_AXI_inst/hamming_rtl_inst/k_reg_rep[2]/C (clocked by clk_fpga_0) and design_coder_i/hammingCoder_ip_0/inst/hammingCoder_ip_v1_0_S00_AXI_inst/hamming_rtl_inst/hamm_code_reg[5]/D (clocked by clk_fpga_0). Large setup violations at the end of those stages might be difficult to fix during the post-placement implementation flow and could be the result of non-optimal XDC constraints or non-optimal design architecture
Related violations: <none>

TIMING-16#8 Warning
Large setup violation  
There is a large setup violation of -23.118 ns between design_coder_i/hammingCoder_ip_0/inst/hammingCoder_ip_v1_0_S00_AXI_inst/hamming_rtl_inst/k_reg_rep[2]/C (clocked by clk_fpga_0) and design_coder_i/hammingCoder_ip_0/inst/hammingCoder_ip_v1_0_S00_AXI_inst/hamming_rtl_inst/hamm_code_reg[8]/D (clocked by clk_fpga_0). Large setup violations at the end of those stages might be difficult to fix during the post-placement implementation flow and could be the result of non-optimal XDC constraints or non-optimal design architecture
Related violations: <none>

TIMING-16#9 Warning
Large setup violation  
There is a large setup violation of -23.120 ns between design_coder_i/hammingCoder_ip_0/inst/hammingCoder_ip_v1_0_S00_AXI_inst/hamming_rtl_inst/k_reg_rep[2]/C (clocked by clk_fpga_0) and design_coder_i/hammingCoder_ip_0/inst/hammingCoder_ip_v1_0_S00_AXI_inst/hamming_rtl_inst/hamm_code_reg[7]/D (clocked by clk_fpga_0). Large setup violations at the end of those stages might be difficult to fix during the post-placement implementation flow and could be the result of non-optimal XDC constraints or non-optimal design architecture
Related violations: <none>

TIMING-16#10 Warning
Large setup violation  
There is a large setup violation of -23.125 ns between design_coder_i/hammingCoder_ip_0/inst/hammingCoder_ip_v1_0_S00_AXI_inst/hamming_rtl_inst/k_reg_rep[2]/C (clocked by clk_fpga_0) and design_coder_i/hammingCoder_ip_0/inst/hammingCoder_ip_v1_0_S00_AXI_inst/hamming_rtl_inst/hamm_code_reg[12]/D (clocked by clk_fpga_0). Large setup violations at the end of those stages might be difficult to fix during the post-placement implementation flow and could be the result of non-optimal XDC constraints or non-optimal design architecture
Related violations: <none>

TIMING-16#11 Warning
Large setup violation  
There is a large setup violation of -23.125 ns between design_coder_i/hammingCoder_ip_0/inst/hammingCoder_ip_v1_0_S00_AXI_inst/hamming_rtl_inst/k_reg_rep[2]/C (clocked by clk_fpga_0) and design_coder_i/hammingCoder_ip_0/inst/hammingCoder_ip_v1_0_S00_AXI_inst/hamming_rtl_inst/hamm_code_reg[4]/D (clocked by clk_fpga_0). Large setup violations at the end of those stages might be difficult to fix during the post-placement implementation flow and could be the result of non-optimal XDC constraints or non-optimal design architecture
Related violations: <none>

TIMING-16#12 Warning
Large setup violation  
There is a large setup violation of -23.237 ns between design_coder_i/hammingCoder_ip_0/inst/hammingCoder_ip_v1_0_S00_AXI_inst/hamming_rtl_inst/k_reg_rep[2]/C (clocked by clk_fpga_0) and design_coder_i/hammingCoder_ip_0/inst/hammingCoder_ip_v1_0_S00_AXI_inst/hamming_rtl_inst/hamm_code_reg[0]/D (clocked by clk_fpga_0). Large setup violations at the end of those stages might be difficult to fix during the post-placement implementation flow and could be the result of non-optimal XDC constraints or non-optimal design architecture
Related violations: <none>

TIMING-16#13 Warning
Large setup violation  
There is a large setup violation of -23.254 ns between design_coder_i/hammingCoder_ip_0/inst/hammingCoder_ip_v1_0_S00_AXI_inst/hamming_rtl_inst/k_reg_rep[2]/C (clocked by clk_fpga_0) and design_coder_i/hammingCoder_ip_0/inst/hammingCoder_ip_v1_0_S00_AXI_inst/hamming_rtl_inst/hamm_code_reg[13]/D (clocked by clk_fpga_0). Large setup violations at the end of those stages might be difficult to fix during the post-placement implementation flow and could be the result of non-optimal XDC constraints or non-optimal design architecture
Related violations: <none>

TIMING-16#14 Warning
Large setup violation  
There is a large setup violation of -23.255 ns between design_coder_i/hammingCoder_ip_0/inst/hammingCoder_ip_v1_0_S00_AXI_inst/hamming_rtl_inst/k_reg_rep[2]/C (clocked by clk_fpga_0) and design_coder_i/hammingCoder_ip_0/inst/hammingCoder_ip_v1_0_S00_AXI_inst/hamming_rtl_inst/tmp[3]_i_1_psdsp/D (clocked by clk_fpga_0). Large setup violations at the end of those stages might be difficult to fix during the post-placement implementation flow and could be the result of non-optimal XDC constraints or non-optimal design architecture
Related violations: <none>

TIMING-16#15 Warning
Large setup violation  
There is a large setup violation of -23.264 ns between design_coder_i/hammingCoder_ip_0/inst/hammingCoder_ip_v1_0_S00_AXI_inst/hamming_rtl_inst/k_reg_rep[2]/C (clocked by clk_fpga_0) and design_coder_i/hammingCoder_ip_0/inst/hammingCoder_ip_v1_0_S00_AXI_inst/hamming_rtl_inst/hamm_code_reg[2]/D (clocked by clk_fpga_0). Large setup violations at the end of those stages might be difficult to fix during the post-placement implementation flow and could be the result of non-optimal XDC constraints or non-optimal design architecture
Related violations: <none>

TIMING-16#16 Warning
Large setup violation  
There is a large setup violation of -23.265 ns between design_coder_i/hammingCoder_ip_0/inst/hammingCoder_ip_v1_0_S00_AXI_inst/hamming_rtl_inst/k_reg_rep[2]/C (clocked by clk_fpga_0) and design_coder_i/hammingCoder_ip_0/inst/hammingCoder_ip_v1_0_S00_AXI_inst/hamming_rtl_inst/tmp_reg[10]/D (clocked by clk_fpga_0). Large setup violations at the end of those stages might be difficult to fix during the post-placement implementation flow and could be the result of non-optimal XDC constraints or non-optimal design architecture
Related violations: <none>

TIMING-16#17 Warning
Large setup violation  
There is a large setup violation of -23.266 ns between design_coder_i/hammingCoder_ip_0/inst/hammingCoder_ip_v1_0_S00_AXI_inst/hamming_rtl_inst/k_reg_rep[2]/C (clocked by clk_fpga_0) and design_coder_i/hammingCoder_ip_0/inst/hammingCoder_ip_v1_0_S00_AXI_inst/hamming_rtl_inst/tmp[10]_i_1_psdsp/D (clocked by clk_fpga_0). Large setup violations at the end of those stages might be difficult to fix during the post-placement implementation flow and could be the result of non-optimal XDC constraints or non-optimal design architecture
Related violations: <none>

TIMING-16#18 Warning
Large setup violation  
There is a large setup violation of -23.267 ns between design_coder_i/hammingCoder_ip_0/inst/hammingCoder_ip_v1_0_S00_AXI_inst/hamming_rtl_inst/k_reg_rep[2]/C (clocked by clk_fpga_0) and design_coder_i/hammingCoder_ip_0/inst/hammingCoder_ip_v1_0_S00_AXI_inst/hamming_rtl_inst/hamm_code_reg[3]/D (clocked by clk_fpga_0). Large setup violations at the end of those stages might be difficult to fix during the post-placement implementation flow and could be the result of non-optimal XDC constraints or non-optimal design architecture
Related violations: <none>

TIMING-16#19 Warning
Large setup violation  
There is a large setup violation of -23.268 ns between design_coder_i/hammingCoder_ip_0/inst/hammingCoder_ip_v1_0_S00_AXI_inst/hamming_rtl_inst/k_reg_rep[2]/C (clocked by clk_fpga_0) and design_coder_i/hammingCoder_ip_0/inst/hammingCoder_ip_v1_0_S00_AXI_inst/hamming_rtl_inst/tmp_reg[3]/D (clocked by clk_fpga_0). Large setup violations at the end of those stages might be difficult to fix during the post-placement implementation flow and could be the result of non-optimal XDC constraints or non-optimal design architecture
Related violations: <none>

TIMING-16#20 Warning
Large setup violation  
There is a large setup violation of -23.270 ns between design_coder_i/hammingCoder_ip_0/inst/hammingCoder_ip_v1_0_S00_AXI_inst/hamming_rtl_inst/k_reg_rep[2]/C (clocked by clk_fpga_0) and design_coder_i/hammingCoder_ip_0/inst/hammingCoder_ip_v1_0_S00_AXI_inst/hamming_rtl_inst/hamm_code_reg[9]/D (clocked by clk_fpga_0). Large setup violations at the end of those stages might be difficult to fix during the post-placement implementation flow and could be the result of non-optimal XDC constraints or non-optimal design architecture
Related violations: <none>

TIMING-16#21 Warning
Large setup violation  
There is a large setup violation of -23.275 ns between design_coder_i/hammingCoder_ip_0/inst/hammingCoder_ip_v1_0_S00_AXI_inst/hamming_rtl_inst/k_reg_rep[2]/C (clocked by clk_fpga_0) and design_coder_i/hammingCoder_ip_0/inst/hammingCoder_ip_v1_0_S00_AXI_inst/hamming_rtl_inst/hamm_code_reg[6]/D (clocked by clk_fpga_0). Large setup violations at the end of those stages might be difficult to fix during the post-placement implementation flow and could be the result of non-optimal XDC constraints or non-optimal design architecture
Related violations: <none>

TIMING-16#22 Warning
Large setup violation  
There is a large setup violation of -23.282 ns between design_coder_i/hammingCoder_ip_0/inst/hammingCoder_ip_v1_0_S00_AXI_inst/hamming_rtl_inst/k_reg_rep[2]/C (clocked by clk_fpga_0) and design_coder_i/hammingCoder_ip_0/inst/hammingCoder_ip_v1_0_S00_AXI_inst/hamming_rtl_inst/hamm_code_reg[10]/D (clocked by clk_fpga_0). Large setup violations at the end of those stages might be difficult to fix during the post-placement implementation flow and could be the result of non-optimal XDC constraints or non-optimal design architecture
Related violations: <none>

TIMING-16#23 Warning
Large setup violation  
There is a large setup violation of -23.342 ns between design_coder_i/hammingCoder_ip_0/inst/hammingCoder_ip_v1_0_S00_AXI_inst/hamming_rtl_inst/k_reg_rep[2]/C (clocked by clk_fpga_0) and design_coder_i/hammingCoder_ip_0/inst/hammingCoder_ip_v1_0_S00_AXI_inst/hamming_rtl_inst/hamm_code_reg[1]/D (clocked by clk_fpga_0). Large setup violations at the end of those stages might be difficult to fix during the post-placement implementation flow and could be the result of non-optimal XDC constraints or non-optimal design architecture
Related violations: <none>

TIMING-16#24 Warning
Large setup violation  
There is a large setup violation of -23.367 ns between design_coder_i/hammingCoder_ip_0/inst/hammingCoder_ip_v1_0_S00_AXI_inst/hamming_rtl_inst/k_reg_rep[2]/C (clocked by clk_fpga_0) and design_coder_i/hammingCoder_ip_0/inst/hammingCoder_ip_v1_0_S00_AXI_inst/hamming_rtl_inst/tmp[5]_i_1_psdsp/D (clocked by clk_fpga_0). Large setup violations at the end of those stages might be difficult to fix during the post-placement implementation flow and could be the result of non-optimal XDC constraints or non-optimal design architecture
Related violations: <none>

TIMING-16#25 Warning
Large setup violation  
There is a large setup violation of -23.371 ns between design_coder_i/hammingCoder_ip_0/inst/hammingCoder_ip_v1_0_S00_AXI_inst/hamming_rtl_inst/k_reg_rep[2]/C (clocked by clk_fpga_0) and design_coder_i/hammingCoder_ip_0/inst/hammingCoder_ip_v1_0_S00_AXI_inst/hamming_rtl_inst/hamm_code_reg[11]/D (clocked by clk_fpga_0). Large setup violations at the end of those stages might be difficult to fix during the post-placement implementation flow and could be the result of non-optimal XDC constraints or non-optimal design architecture
Related violations: <none>

TIMING-16#26 Warning
Large setup violation  
There is a large setup violation of -23.376 ns between design_coder_i/hammingCoder_ip_0/inst/hammingCoder_ip_v1_0_S00_AXI_inst/hamming_rtl_inst/k_reg_rep[2]/C (clocked by clk_fpga_0) and design_coder_i/hammingCoder_ip_0/inst/hammingCoder_ip_v1_0_S00_AXI_inst/hamming_rtl_inst/tmp_reg[0]/D (clocked by clk_fpga_0). Large setup violations at the end of those stages might be difficult to fix during the post-placement implementation flow and could be the result of non-optimal XDC constraints or non-optimal design architecture
Related violations: <none>

TIMING-16#27 Warning
Large setup violation  
There is a large setup violation of -23.380 ns between design_coder_i/hammingCoder_ip_0/inst/hammingCoder_ip_v1_0_S00_AXI_inst/hamming_rtl_inst/k_reg_rep[2]/C (clocked by clk_fpga_0) and design_coder_i/hammingCoder_ip_0/inst/hammingCoder_ip_v1_0_S00_AXI_inst/hamming_rtl_inst/tmp_reg[5]/D (clocked by clk_fpga_0). Large setup violations at the end of those stages might be difficult to fix during the post-placement implementation flow and could be the result of non-optimal XDC constraints or non-optimal design architecture
Related violations: <none>

TIMING-16#28 Warning
Large setup violation  
There is a large setup violation of -23.385 ns between design_coder_i/hammingCoder_ip_0/inst/hammingCoder_ip_v1_0_S00_AXI_inst/hamming_rtl_inst/k_reg_rep[2]/C (clocked by clk_fpga_0) and design_coder_i/hammingCoder_ip_0/inst/hammingCoder_ip_v1_0_S00_AXI_inst/hamming_rtl_inst/tmp_reg[4]/D (clocked by clk_fpga_0). Large setup violations at the end of those stages might be difficult to fix during the post-placement implementation flow and could be the result of non-optimal XDC constraints or non-optimal design architecture
Related violations: <none>

TIMING-16#29 Warning
Large setup violation  
There is a large setup violation of -23.386 ns between design_coder_i/hammingCoder_ip_0/inst/hammingCoder_ip_v1_0_S00_AXI_inst/hamming_rtl_inst/k_reg_rep[2]/C (clocked by clk_fpga_0) and design_coder_i/hammingCoder_ip_0/inst/hammingCoder_ip_v1_0_S00_AXI_inst/hamming_rtl_inst/tmp_reg[15]/D (clocked by clk_fpga_0). Large setup violations at the end of those stages might be difficult to fix during the post-placement implementation flow and could be the result of non-optimal XDC constraints or non-optimal design architecture
Related violations: <none>

TIMING-16#30 Warning
Large setup violation  
There is a large setup violation of -23.387 ns between design_coder_i/hammingCoder_ip_0/inst/hammingCoder_ip_v1_0_S00_AXI_inst/hamming_rtl_inst/k_reg_rep[2]/C (clocked by clk_fpga_0) and design_coder_i/hammingCoder_ip_0/inst/hammingCoder_ip_v1_0_S00_AXI_inst/hamming_rtl_inst/tmp[15]_i_2_psdsp/D (clocked by clk_fpga_0). Large setup violations at the end of those stages might be difficult to fix during the post-placement implementation flow and could be the result of non-optimal XDC constraints or non-optimal design architecture
Related violations: <none>

TIMING-16#31 Warning
Large setup violation  
There is a large setup violation of -23.389 ns between design_coder_i/hammingCoder_ip_0/inst/hammingCoder_ip_v1_0_S00_AXI_inst/hamming_rtl_inst/k_reg_rep[2]/C (clocked by clk_fpga_0) and design_coder_i/hammingCoder_ip_0/inst/hammingCoder_ip_v1_0_S00_AXI_inst/hamming_rtl_inst/tmp[0]_i_1_psdsp/D (clocked by clk_fpga_0). Large setup violations at the end of those stages might be difficult to fix during the post-placement implementation flow and could be the result of non-optimal XDC constraints or non-optimal design architecture
Related violations: <none>

TIMING-16#32 Warning
Large setup violation  
There is a large setup violation of -23.392 ns between design_coder_i/hammingCoder_ip_0/inst/hammingCoder_ip_v1_0_S00_AXI_inst/hamming_rtl_inst/k_reg_rep[2]/C (clocked by clk_fpga_0) and design_coder_i/hammingCoder_ip_0/inst/hammingCoder_ip_v1_0_S00_AXI_inst/hamming_rtl_inst/tmp_reg[8]/D (clocked by clk_fpga_0). Large setup violations at the end of those stages might be difficult to fix during the post-placement implementation flow and could be the result of non-optimal XDC constraints or non-optimal design architecture
Related violations: <none>

TIMING-16#33 Warning
Large setup violation  
There is a large setup violation of -23.398 ns between design_coder_i/hammingCoder_ip_0/inst/hammingCoder_ip_v1_0_S00_AXI_inst/hamming_rtl_inst/k_reg_rep[2]/C (clocked by clk_fpga_0) and design_coder_i/hammingCoder_ip_0/inst/hammingCoder_ip_v1_0_S00_AXI_inst/hamming_rtl_inst/tmp[4]_i_1_psdsp/D (clocked by clk_fpga_0). Large setup violations at the end of those stages might be difficult to fix during the post-placement implementation flow and could be the result of non-optimal XDC constraints or non-optimal design architecture
Related violations: <none>

TIMING-16#34 Warning
Large setup violation  
There is a large setup violation of -23.405 ns between design_coder_i/hammingCoder_ip_0/inst/hammingCoder_ip_v1_0_S00_AXI_inst/hamming_rtl_inst/k_reg_rep[2]/C (clocked by clk_fpga_0) and design_coder_i/hammingCoder_ip_0/inst/hammingCoder_ip_v1_0_S00_AXI_inst/hamming_rtl_inst/tmp[8]_i_1_psdsp/D (clocked by clk_fpga_0). Large setup violations at the end of those stages might be difficult to fix during the post-placement implementation flow and could be the result of non-optimal XDC constraints or non-optimal design architecture
Related violations: <none>

TIMING-16#35 Warning
Large setup violation  
There is a large setup violation of -23.463 ns between design_coder_i/hammingCoder_ip_0/inst/hammingCoder_ip_v1_0_S00_AXI_inst/hamming_rtl_inst/k_reg_rep[2]/C (clocked by clk_fpga_0) and design_coder_i/hammingCoder_ip_0/inst/hammingCoder_ip_v1_0_S00_AXI_inst/hamming_rtl_inst/tmp[7]_i_1_psdsp/D (clocked by clk_fpga_0). Large setup violations at the end of those stages might be difficult to fix during the post-placement implementation flow and could be the result of non-optimal XDC constraints or non-optimal design architecture
Related violations: <none>

TIMING-16#36 Warning
Large setup violation  
There is a large setup violation of -23.464 ns between design_coder_i/hammingCoder_ip_0/inst/hammingCoder_ip_v1_0_S00_AXI_inst/hamming_rtl_inst/k_reg_rep[2]/C (clocked by clk_fpga_0) and design_coder_i/hammingCoder_ip_0/inst/hammingCoder_ip_v1_0_S00_AXI_inst/hamming_rtl_inst/tmp_reg[7]/D (clocked by clk_fpga_0). Large setup violations at the end of those stages might be difficult to fix during the post-placement implementation flow and could be the result of non-optimal XDC constraints or non-optimal design architecture
Related violations: <none>

TIMING-16#37 Warning
Large setup violation  
There is a large setup violation of -23.465 ns between design_coder_i/hammingCoder_ip_0/inst/hammingCoder_ip_v1_0_S00_AXI_inst/hamming_rtl_inst/k_reg_rep[2]/C (clocked by clk_fpga_0) and design_coder_i/hammingCoder_ip_0/inst/hammingCoder_ip_v1_0_S00_AXI_inst/hamming_rtl_inst/tmp[6]_i_1_psdsp/D (clocked by clk_fpga_0). Large setup violations at the end of those stages might be difficult to fix during the post-placement implementation flow and could be the result of non-optimal XDC constraints or non-optimal design architecture
Related violations: <none>

TIMING-16#38 Warning
Large setup violation  
There is a large setup violation of -23.466 ns between design_coder_i/hammingCoder_ip_0/inst/hammingCoder_ip_v1_0_S00_AXI_inst/hamming_rtl_inst/k_reg_rep[2]/C (clocked by clk_fpga_0) and design_coder_i/hammingCoder_ip_0/inst/hammingCoder_ip_v1_0_S00_AXI_inst/hamming_rtl_inst/tmp_reg[6]/D (clocked by clk_fpga_0). Large setup violations at the end of those stages might be difficult to fix during the post-placement implementation flow and could be the result of non-optimal XDC constraints or non-optimal design architecture
Related violations: <none>

TIMING-16#39 Warning
Large setup violation  
There is a large setup violation of -23.481 ns between design_coder_i/hammingCoder_ip_0/inst/hammingCoder_ip_v1_0_S00_AXI_inst/hamming_rtl_inst/k_reg_rep[2]/C (clocked by clk_fpga_0) and design_coder_i/hammingCoder_ip_0/inst/hammingCoder_ip_v1_0_S00_AXI_inst/hamming_rtl_inst/tmp[1]_i_1_psdsp/D (clocked by clk_fpga_0). Large setup violations at the end of those stages might be difficult to fix during the post-placement implementation flow and could be the result of non-optimal XDC constraints or non-optimal design architecture
Related violations: <none>

TIMING-16#40 Warning
Large setup violation  
There is a large setup violation of -23.482 ns between design_coder_i/hammingCoder_ip_0/inst/hammingCoder_ip_v1_0_S00_AXI_inst/hamming_rtl_inst/k_reg_rep[2]/C (clocked by clk_fpga_0) and design_coder_i/hammingCoder_ip_0/inst/hammingCoder_ip_v1_0_S00_AXI_inst/hamming_rtl_inst/tmp_reg[1]/D (clocked by clk_fpga_0). Large setup violations at the end of those stages might be difficult to fix during the post-placement implementation flow and could be the result of non-optimal XDC constraints or non-optimal design architecture
Related violations: <none>

TIMING-16#41 Warning
Large setup violation  
There is a large setup violation of -23.483 ns between design_coder_i/hammingCoder_ip_0/inst/hammingCoder_ip_v1_0_S00_AXI_inst/hamming_rtl_inst/k_reg_rep[2]/C (clocked by clk_fpga_0) and design_coder_i/hammingCoder_ip_0/inst/hammingCoder_ip_v1_0_S00_AXI_inst/hamming_rtl_inst/tmp[2]_i_1_psdsp/D (clocked by clk_fpga_0). Large setup violations at the end of those stages might be difficult to fix during the post-placement implementation flow and could be the result of non-optimal XDC constraints or non-optimal design architecture
Related violations: <none>

TIMING-16#42 Warning
Large setup violation  
There is a large setup violation of -23.484 ns between design_coder_i/hammingCoder_ip_0/inst/hammingCoder_ip_v1_0_S00_AXI_inst/hamming_rtl_inst/k_reg_rep[2]/C (clocked by clk_fpga_0) and design_coder_i/hammingCoder_ip_0/inst/hammingCoder_ip_v1_0_S00_AXI_inst/hamming_rtl_inst/tmp_reg[2]/D (clocked by clk_fpga_0). Large setup violations at the end of those stages might be difficult to fix during the post-placement implementation flow and could be the result of non-optimal XDC constraints or non-optimal design architecture
Related violations: <none>

TIMING-16#43 Warning
Large setup violation  
There is a large setup violation of -23.552 ns between design_coder_i/hammingCoder_ip_0/inst/hammingCoder_ip_v1_0_S00_AXI_inst/hamming_rtl_inst/k_reg_rep[2]/C (clocked by clk_fpga_0) and design_coder_i/hammingCoder_ip_0/inst/hammingCoder_ip_v1_0_S00_AXI_inst/hamming_rtl_inst/tmp_reg[9]/D (clocked by clk_fpga_0). Large setup violations at the end of those stages might be difficult to fix during the post-placement implementation flow and could be the result of non-optimal XDC constraints or non-optimal design architecture
Related violations: <none>

TIMING-16#44 Warning
Large setup violation  
There is a large setup violation of -23.553 ns between design_coder_i/hammingCoder_ip_0/inst/hammingCoder_ip_v1_0_S00_AXI_inst/hamming_rtl_inst/k_reg_rep[2]/C (clocked by clk_fpga_0) and design_coder_i/hammingCoder_ip_0/inst/hammingCoder_ip_v1_0_S00_AXI_inst/hamming_rtl_inst/tmp[9]_i_1_psdsp/D (clocked by clk_fpga_0). Large setup violations at the end of those stages might be difficult to fix during the post-placement implementation flow and could be the result of non-optimal XDC constraints or non-optimal design architecture
Related violations: <none>

TIMING-16#45 Warning
Large setup violation  
There is a large setup violation of -23.563 ns between design_coder_i/hammingCoder_ip_0/inst/hammingCoder_ip_v1_0_S00_AXI_inst/hamming_rtl_inst/k_reg_rep[2]/C (clocked by clk_fpga_0) and design_coder_i/hammingCoder_ip_0/inst/hammingCoder_ip_v1_0_S00_AXI_inst/hamming_rtl_inst/tmp[11]_i_1_psdsp/D (clocked by clk_fpga_0). Large setup violations at the end of those stages might be difficult to fix during the post-placement implementation flow and could be the result of non-optimal XDC constraints or non-optimal design architecture
Related violations: <none>

TIMING-16#46 Warning
Large setup violation  
There is a large setup violation of -23.564 ns between design_coder_i/hammingCoder_ip_0/inst/hammingCoder_ip_v1_0_S00_AXI_inst/hamming_rtl_inst/k_reg_rep[2]/C (clocked by clk_fpga_0) and design_coder_i/hammingCoder_ip_0/inst/hammingCoder_ip_v1_0_S00_AXI_inst/hamming_rtl_inst/tmp_reg[11]/D (clocked by clk_fpga_0). Large setup violations at the end of those stages might be difficult to fix during the post-placement implementation flow and could be the result of non-optimal XDC constraints or non-optimal design architecture
Related violations: <none>

TIMING-16#47 Warning
Large setup violation  
There is a large setup violation of -23.605 ns between design_coder_i/hammingCoder_ip_0/inst/hammingCoder_ip_v1_0_S00_AXI_inst/hamming_rtl_inst/k_reg_rep[2]/C (clocked by clk_fpga_0) and design_coder_i/hammingCoder_ip_0/inst/hammingCoder_ip_v1_0_S00_AXI_inst/hamming_rtl_inst/tmp[12]_i_1_psdsp/D (clocked by clk_fpga_0). Large setup violations at the end of those stages might be difficult to fix during the post-placement implementation flow and could be the result of non-optimal XDC constraints or non-optimal design architecture
Related violations: <none>

TIMING-16#48 Warning
Large setup violation  
There is a large setup violation of -23.606 ns between design_coder_i/hammingCoder_ip_0/inst/hammingCoder_ip_v1_0_S00_AXI_inst/hamming_rtl_inst/k_reg_rep[2]/C (clocked by clk_fpga_0) and design_coder_i/hammingCoder_ip_0/inst/hammingCoder_ip_v1_0_S00_AXI_inst/hamming_rtl_inst/tmp_reg[12]/D (clocked by clk_fpga_0). Large setup violations at the end of those stages might be difficult to fix during the post-placement implementation flow and could be the result of non-optimal XDC constraints or non-optimal design architecture
Related violations: <none>

TIMING-16#49 Warning
Large setup violation  
There is a large setup violation of -23.612 ns between design_coder_i/hammingCoder_ip_0/inst/hammingCoder_ip_v1_0_S00_AXI_inst/hamming_rtl_inst/k_reg_rep[2]/C (clocked by clk_fpga_0) and design_coder_i/hammingCoder_ip_0/inst/hammingCoder_ip_v1_0_S00_AXI_inst/hamming_rtl_inst/tmp_reg[13]/D (clocked by clk_fpga_0). Large setup violations at the end of those stages might be difficult to fix during the post-placement implementation flow and could be the result of non-optimal XDC constraints or non-optimal design architecture
Related violations: <none>

TIMING-16#50 Warning
Large setup violation  
There is a large setup violation of -23.613 ns between design_coder_i/hammingCoder_ip_0/inst/hammingCoder_ip_v1_0_S00_AXI_inst/hamming_rtl_inst/k_reg_rep[2]/C (clocked by clk_fpga_0) and design_coder_i/hammingCoder_ip_0/inst/hammingCoder_ip_v1_0_S00_AXI_inst/hamming_rtl_inst/tmp[13]_i_1_psdsp/D (clocked by clk_fpga_0). Large setup violations at the end of those stages might be difficult to fix during the post-placement implementation flow and could be the result of non-optimal XDC constraints or non-optimal design architecture
Related violations: <none>

TIMING-16#51 Warning
Large setup violation  
There is a large setup violation of -23.614 ns between design_coder_i/hammingCoder_ip_0/inst/hammingCoder_ip_v1_0_S00_AXI_inst/hamming_rtl_inst/j_reg_rep[3]_rep__1/C (clocked by clk_fpga_0) and design_coder_i/hammingCoder_ip_0/inst/hammingCoder_ip_v1_0_S00_AXI_inst/hamming_rtl_inst/tmp_par_reg[1]/D (clocked by clk_fpga_0). Large setup violations at the end of those stages might be difficult to fix during the post-placement implementation flow and could be the result of non-optimal XDC constraints or non-optimal design architecture
Related violations: <none>

TIMING-16#52 Warning
Large setup violation  
There is a large setup violation of -23.630 ns between design_coder_i/hammingCoder_ip_0/inst/hammingCoder_ip_v1_0_S00_AXI_inst/hamming_rtl_inst/k_reg_rep[2]/C (clocked by clk_fpga_0) and design_coder_i/hammingCoder_ip_0/inst/hammingCoder_ip_v1_0_S00_AXI_inst/hamming_rtl_inst/tmp[14]_i_1_psdsp/D (clocked by clk_fpga_0). Large setup violations at the end of those stages might be difficult to fix during the post-placement implementation flow and could be the result of non-optimal XDC constraints or non-optimal design architecture
Related violations: <none>

TIMING-16#53 Warning
Large setup violation  
There is a large setup violation of -23.631 ns between design_coder_i/hammingCoder_ip_0/inst/hammingCoder_ip_v1_0_S00_AXI_inst/hamming_rtl_inst/k_reg_rep[2]/C (clocked by clk_fpga_0) and design_coder_i/hammingCoder_ip_0/inst/hammingCoder_ip_v1_0_S00_AXI_inst/hamming_rtl_inst/tmp_reg[14]/D (clocked by clk_fpga_0). Large setup violations at the end of those stages might be difficult to fix during the post-placement implementation flow and could be the result of non-optimal XDC constraints or non-optimal design architecture
Related violations: <none>

TIMING-16#54 Warning
Large setup violation  
There is a large setup violation of -23.685 ns between design_coder_i/hammingCoder_ip_0/inst/hammingCoder_ip_v1_0_S00_AXI_inst/hamming_rtl_inst/k_reg_rep[2]/C (clocked by clk_fpga_0) and design_coder_i/hammingCoder_ip_0/inst/hammingCoder_ip_v1_0_S00_AXI_inst/hamming_rtl_inst/hamm_code_reg[14]/D (clocked by clk_fpga_0). Large setup violations at the end of those stages might be difficult to fix during the post-placement implementation flow and could be the result of non-optimal XDC constraints or non-optimal design architecture
Related violations: <none>

TIMING-16#55 Warning
Large setup violation  
There is a large setup violation of -23.858 ns between design_coder_i/hammingCoder_ip_0/inst/hammingCoder_ip_v1_0_S00_AXI_inst/hamming_rtl_inst/k_reg_rep[2]/C (clocked by clk_fpga_0) and design_coder_i/hammingCoder_ip_0/inst/hammingCoder_ip_v1_0_S00_AXI_inst/hamming_rtl_inst/hamm_code_reg[15]/D (clocked by clk_fpga_0). Large setup violations at the end of those stages might be difficult to fix during the post-placement implementation flow and could be the result of non-optimal XDC constraints or non-optimal design architecture
Related violations: <none>

TIMING-16#56 Warning
Large setup violation  
There is a large setup violation of -25.244 ns between design_coder_i/hammingCoder_ip_0/inst/hammingCoder_ip_v1_0_S00_AXI_inst/hamming_rtl_inst/j_reg_rep[3]_rep__1/C (clocked by clk_fpga_0) and design_coder_i/hammingCoder_ip_0/inst/hammingCoder_ip_v1_0_S00_AXI_inst/hamming_rtl_inst/tmp_par_reg[0]/D (clocked by clk_fpga_0). Large setup violations at the end of those stages might be difficult to fix during the post-placement implementation flow and could be the result of non-optimal XDC constraints or non-optimal design architecture
Related violations: <none>

TIMING-16#57 Warning
Large setup violation  
There is a large setup violation of -3.754 ns between design_coder_i/hammingCoder_ip_0/inst/hammingCoder_ip_v1_0_S00_AXI_inst/hamming_rtl_inst/j_reg_rep[3]_rep__1/C (clocked by clk_fpga_0) and design_coder_i/hammingCoder_ip_0/inst/hammingCoder_ip_v1_0_S00_AXI_inst/hamming_rtl_inst/tmp_par_reg[10]/D (clocked by clk_fpga_0). Large setup violations at the end of those stages might be difficult to fix during the post-placement implementation flow and could be the result of non-optimal XDC constraints or non-optimal design architecture
Related violations: <none>

TIMING-16#58 Warning
Large setup violation  
There is a large setup violation of -5.891 ns between design_coder_i/hammingCoder_ip_0/inst/hammingCoder_ip_v1_0_S00_AXI_inst/hamming_rtl_inst/j_reg_rep[3]_rep__1/C (clocked by clk_fpga_0) and design_coder_i/hammingCoder_ip_0/inst/hammingCoder_ip_v1_0_S00_AXI_inst/hamming_rtl_inst/tmp_par_reg[9]/D (clocked by clk_fpga_0). Large setup violations at the end of those stages might be difficult to fix during the post-placement implementation flow and could be the result of non-optimal XDC constraints or non-optimal design architecture
Related violations: <none>

TIMING-16#59 Warning
Large setup violation  
There is a large setup violation of -7.910 ns between design_coder_i/hammingCoder_ip_0/inst/hammingCoder_ip_v1_0_S00_AXI_inst/hamming_rtl_inst/j_reg_rep[3]_rep__1/C (clocked by clk_fpga_0) and design_coder_i/hammingCoder_ip_0/inst/hammingCoder_ip_v1_0_S00_AXI_inst/hamming_rtl_inst/tmp_par_reg[8]/D (clocked by clk_fpga_0). Large setup violations at the end of those stages might be difficult to fix during the post-placement implementation flow and could be the result of non-optimal XDC constraints or non-optimal design architecture
Related violations: <none>

TIMING-16#60 Warning
Large setup violation  
There is a large setup violation of -9.930 ns between design_coder_i/hammingCoder_ip_0/inst/hammingCoder_ip_v1_0_S00_AXI_inst/hamming_rtl_inst/j_reg_rep[3]_rep__1/C (clocked by clk_fpga_0) and design_coder_i/hammingCoder_ip_0/inst/hammingCoder_ip_v1_0_S00_AXI_inst/hamming_rtl_inst/tmp_par_reg[7]/D (clocked by clk_fpga_0). Large setup violations at the end of those stages might be difficult to fix during the post-placement implementation flow and could be the result of non-optimal XDC constraints or non-optimal design architecture
Related violations: <none>


