08:51:21 INFO  : Registering command handlers for SDK TCF services
08:51:21 INFO  : Launching XSCT server: xsct.bat -interactive C:\Users\krzys\OneDrive\Dokumenty\GitHub\HammingCoding\HammingMainProject\Hamming\Hamming.sdk\temp_xsdb_launch_script.tcl
08:51:24 INFO  : XSCT server has started successfully.
08:51:25 INFO  : Successfully done setting XSCT server connection channel  
08:51:25 INFO  : Successfully done setting SDK workspace  
08:51:25 INFO  : Processing command line option -hwspec C:/Users/krzys/OneDrive/Dokumenty/GitHub/HammingCoding/HammingMainProject/Hamming/Hamming.sdk/design_coder_wrapper.hdf.
09:01:24 INFO  : Connected to target on host '127.0.0.1' and port '3121'.
09:01:24 INFO  : 'targets -set -filter {jtag_cable_name =~ "Digilent Zed 210248531164" && level==0} -index 1' command is executed.
09:01:27 INFO  : FPGA configured successfully with bitstream "C:/Users/krzys/OneDrive/Dokumenty/GitHub/HammingCoding/HammingMainProject/Hamming/Hamming.sdk/design_coder_wrapper_hw_platform_0/design_coder_wrapper.bit"
09:01:40 INFO  : 'targets -set -filter {jtag_cable_name =~ "Digilent Zed 210248531164" && level==0} -index 1' command is executed.
09:01:40 INFO  : 'fpga -state' command is executed.
09:01:40 INFO  : Connected to target on host '127.0.0.1' and port '3121'.
09:01:40 INFO  : Jtag cable 'Digilent Zed 210248531164' is selected.
09:01:40 INFO  : 'jtag frequency' command is executed.
09:01:40 INFO  : Sourcing of 'C:/Users/krzys/OneDrive/Dokumenty/GitHub/HammingCoding/HammingMainProject/Hamming/Hamming.sdk/design_coder_wrapper_hw_platform_0/ps7_init.tcl' is done.
09:01:41 INFO  : Context for 'APU' is selected.
09:01:41 INFO  : Hardware design information is loaded from 'C:/Users/krzys/OneDrive/Dokumenty/GitHub/HammingCoding/HammingMainProject/Hamming/Hamming.sdk/design_coder_wrapper_hw_platform_0/system.hdf'.
09:01:41 INFO  : 'configparams force-mem-access 1' command is executed.
09:01:41 INFO  : Context for 'APU' is selected.
09:01:41 INFO  : 'stop' command is executed.
09:01:42 INFO  : 'ps7_init' command is executed.
09:01:42 INFO  : 'ps7_post_config' command is executed.
09:01:42 INFO  : Context for processor 'ps7_cortexa9_0' is selected.
09:01:42 INFO  : Processor reset is completed for 'ps7_cortexa9_0'.
09:01:42 INFO  : Context for processor 'ps7_cortexa9_0' is selected.
09:01:42 INFO  : The application 'C:/Users/krzys/OneDrive/Dokumenty/GitHub/HammingCoding/HammingMainProject/Hamming/Hamming.sdk/hamming_demo_app/Debug/hamming_demo_app.elf' is downloaded to processor 'ps7_cortexa9_0'.
09:01:42 INFO  : 'configparams force-mem-access 0' command is executed.
09:01:42 INFO  : ----------------XSDB Script----------------
connect -url tcp:127.0.0.1:3121
source C:/Users/krzys/OneDrive/Dokumenty/GitHub/HammingCoding/HammingMainProject/Hamming/Hamming.sdk/design_coder_wrapper_hw_platform_0/ps7_init.tcl
targets -set -nocase -filter {name =~"APU*" && jtag_cable_name =~ "Digilent Zed 210248531164"} -index 0
loadhw -hw C:/Users/krzys/OneDrive/Dokumenty/GitHub/HammingCoding/HammingMainProject/Hamming/Hamming.sdk/design_coder_wrapper_hw_platform_0/system.hdf -mem-ranges [list {0x40000000 0xbfffffff}]
configparams force-mem-access 1
targets -set -nocase -filter {name =~"APU*" && jtag_cable_name =~ "Digilent Zed 210248531164"} -index 0
stop
ps7_init
ps7_post_config
targets -set -nocase -filter {name =~ "ARM*#0" && jtag_cable_name =~ "Digilent Zed 210248531164"} -index 0
rst -processor
targets -set -nocase -filter {name =~ "ARM*#0" && jtag_cable_name =~ "Digilent Zed 210248531164"} -index 0
dow C:/Users/krzys/OneDrive/Dokumenty/GitHub/HammingCoding/HammingMainProject/Hamming/Hamming.sdk/hamming_demo_app/Debug/hamming_demo_app.elf
configparams force-mem-access 0
----------------End of Script----------------

09:01:42 INFO  : Memory regions updated for context APU
09:01:43 INFO  : Context for processor 'ps7_cortexa9_0' is selected.
09:01:43 INFO  : 'con' command is executed.
09:01:43 INFO  : ----------------XSDB Script (After Launch)----------------
targets -set -nocase -filter {name =~ "ARM*#0" && jtag_cable_name =~ "Digilent Zed 210248531164"} -index 0
con
----------------End of Script----------------

09:01:43 INFO  : Launch script is exported to file 'C:\Users\krzys\OneDrive\Dokumenty\GitHub\HammingCoding\HammingMainProject\Hamming\Hamming.sdk\.sdk\launch_scripts\xilinx_c-c++_application_(system_debugger)\system_debugger_using_debug_hamming_demo_app.elf_on_local.tcl'
09:02:55 INFO  : Disconnected from the channel tcfchan#1.
09:03:24 INFO  : Registering command handlers for SDK TCF services
09:03:25 INFO  : Launching XSCT server: xsct.bat -interactive C:\Users\krzys\OneDrive\Dokumenty\GitHub\HammingCoding\HammingMainProject\Hamming\Hamming.sdk\temp_xsdb_launch_script.tcl
09:03:28 INFO  : XSCT server has started successfully.
09:03:28 INFO  : Successfully done setting XSCT server connection channel  
09:03:28 INFO  : Successfully done setting SDK workspace  
09:03:28 INFO  : Processing command line option -hwspec C:/Users/krzys/OneDrive/Dokumenty/GitHub/HammingCoding/HammingMainProject/Hamming/Hamming.sdk/design_coder_wrapper.hdf.
09:03:28 INFO  : Checking for hwspec changes in the project design_coder_wrapper_hw_platform_0.
09:03:49 INFO  : Connected to target on host '127.0.0.1' and port '3121'.
09:03:50 INFO  : 'targets -set -filter {jtag_cable_name =~ "Digilent Zed 210248531164" && level==0} -index 1' command is executed.
09:03:52 INFO  : FPGA configured successfully with bitstream "C:/Users/krzys/OneDrive/Dokumenty/GitHub/HammingCoding/HammingMainProject/Hamming/Hamming.sdk/design_coder_wrapper_hw_platform_0/design_coder_wrapper.bit"
09:03:56 INFO  : 'targets -set -filter {jtag_cable_name =~ "Digilent Zed 210248531164" && level==0} -index 1' command is executed.
09:03:56 INFO  : 'fpga -state' command is executed.
09:03:56 INFO  : Connected to target on host '127.0.0.1' and port '3121'.
09:03:57 INFO  : Jtag cable 'Digilent Zed 210248531164' is selected.
09:03:57 INFO  : 'jtag frequency' command is executed.
09:03:57 INFO  : Sourcing of 'C:/Users/krzys/OneDrive/Dokumenty/GitHub/HammingCoding/HammingMainProject/Hamming/Hamming.sdk/design_coder_wrapper_hw_platform_0/ps7_init.tcl' is done.
09:03:57 INFO  : Context for 'APU' is selected.
09:03:57 INFO  : Hardware design information is loaded from 'C:/Users/krzys/OneDrive/Dokumenty/GitHub/HammingCoding/HammingMainProject/Hamming/Hamming.sdk/design_coder_wrapper_hw_platform_0/system.hdf'.
09:03:57 INFO  : 'configparams force-mem-access 1' command is executed.
09:03:57 INFO  : Context for 'APU' is selected.
09:03:57 INFO  : 'stop' command is executed.
09:03:58 INFO  : 'ps7_init' command is executed.
09:03:58 INFO  : 'ps7_post_config' command is executed.
09:03:59 INFO  : Context for processor 'ps7_cortexa9_0' is selected.
09:03:59 INFO  : Processor reset is completed for 'ps7_cortexa9_0'.
09:03:59 INFO  : Context for processor 'ps7_cortexa9_0' is selected.
09:03:59 INFO  : The application 'C:/Users/krzys/OneDrive/Dokumenty/GitHub/HammingCoding/HammingMainProject/Hamming/Hamming.sdk/hamming_demo_app/Debug/hamming_demo_app.elf' is downloaded to processor 'ps7_cortexa9_0'.
09:03:59 INFO  : 'configparams force-mem-access 0' command is executed.
09:03:59 INFO  : ----------------XSDB Script----------------
connect -url tcp:127.0.0.1:3121
source C:/Users/krzys/OneDrive/Dokumenty/GitHub/HammingCoding/HammingMainProject/Hamming/Hamming.sdk/design_coder_wrapper_hw_platform_0/ps7_init.tcl
targets -set -nocase -filter {name =~"APU*" && jtag_cable_name =~ "Digilent Zed 210248531164"} -index 0
loadhw -hw C:/Users/krzys/OneDrive/Dokumenty/GitHub/HammingCoding/HammingMainProject/Hamming/Hamming.sdk/design_coder_wrapper_hw_platform_0/system.hdf -mem-ranges [list {0x40000000 0xbfffffff}]
configparams force-mem-access 1
targets -set -nocase -filter {name =~"APU*" && jtag_cable_name =~ "Digilent Zed 210248531164"} -index 0
stop
ps7_init
ps7_post_config
targets -set -nocase -filter {name =~ "ARM*#0" && jtag_cable_name =~ "Digilent Zed 210248531164"} -index 0
rst -processor
targets -set -nocase -filter {name =~ "ARM*#0" && jtag_cable_name =~ "Digilent Zed 210248531164"} -index 0
dow C:/Users/krzys/OneDrive/Dokumenty/GitHub/HammingCoding/HammingMainProject/Hamming/Hamming.sdk/hamming_demo_app/Debug/hamming_demo_app.elf
configparams force-mem-access 0
----------------End of Script----------------

09:04:00 INFO  : Memory regions updated for context APU
09:04:00 INFO  : Context for processor 'ps7_cortexa9_0' is selected.
09:04:00 INFO  : 'con' command is executed.
09:04:00 INFO  : ----------------XSDB Script (After Launch)----------------
targets -set -nocase -filter {name =~ "ARM*#0" && jtag_cable_name =~ "Digilent Zed 210248531164"} -index 0
con
----------------End of Script----------------

09:04:00 INFO  : Launch script is exported to file 'C:\Users\krzys\OneDrive\Dokumenty\GitHub\HammingCoding\HammingMainProject\Hamming\Hamming.sdk\.sdk\launch_scripts\xilinx_c-c++_application_(system_debugger)\system_debugger_using_debug_hamming_demo_app.elf_on_local.tcl'
09:05:05 INFO  : Disconnected from the channel tcfchan#1.
